app/build/outputs/logs/manifest-merger-release-report.txt
-- Merging decision tree log ---
manifest
ADDED from src\main\AndroidManifest.xml:2:1-165:12
INJECTED from src\main\AndroidManifest.xml:2:1-165:12
INJECTED from src\main\AndroidManifest.xml:2:1-165:12
INJECTED from src\main\AndroidManifest.xml:2:1-165:12
MERGED from [com.google.android.gms:play-services-measurement:8.4.0] AndroidManifest.xml:16:1-47:12
MERGED from [com.android.support:appcompat-v7:23.4.0] AndroidManifest.xml:17:1-27:12
MERGED from [com.google.android.gms:play-services-analytics:8.4.0] AndroidManifest.xml:16:1-25:12
MERGED from [com.facebook.android:facebook-android-sdk:4.10.0] AndroidManifest.xml:21:1-30:12
MERGED from [com.parse:parse-android:1.16.3] AndroidManifest.xml:10:1-29:12
MERGED from [com.intuit.sdp:sdp-android:1.0.5] AndroidManifest.xml:2:1-11:12
MERGED from [com.intuit.ssp:ssp-android:1.0.5] AndroidManifest.xml:2:1-11:12
MERGED from [com.google.android.gms:play-services-basement:8.4.0] AndroidManifest.xml:16:1-26:12
MERGED from [com.android.support:animated-vector-drawable:23.4.0] AndroidManifest.xml:2:1-9:12
MERGED from [com.android.support:support-vector-drawable:23.4.0] AndroidManifest.xml:2:1-9:12
MERGED from [com.android.support:support-v4:23.4.0] AndroidManifest.xml:17:1-24:12
MERGED from [com.android.support:cardview-v7:23.4.0] AndroidManifest.xml:17:1-24:12
INJECTED from src\main\AndroidManifest.xml:2:1-165:12
INJECTED from src\main\AndroidManifest.xml:2:1-165:12
INJECTED from src\main\AndroidManifest.xml:2:1-165:12
	package
		ADDED from src\main\AndroidManifest.xml:3:5-34
		INJECTED from src\main\AndroidManifest.xml
		INJECTED from src\main\AndroidManifest.xml
	android:versionName
		INJECTED from src\main\AndroidManifest.xml
		ADDED from src\main\AndroidManifest.xml:2:1-165:12
		INJECTED from src\main\AndroidManifest.xml
	android:versionCode
		INJECTED from src\main\AndroidManifest.xml
		ADDED from src\main\AndroidManifest.xml:2:1-165:12
		INJECTED from src\main\AndroidManifest.xml
	xmlns:android
		ADDED from src\main\AndroidManifest.xml:2:11-69
uses-permission#com.android.vending.BILLING
ADDED from src\main\AndroidManifest.xml:5:5-67
	android:name
		ADDED from src\main\AndroidManifest.xml:5:22-64
uses-permission#android.permission.INTERNET
ADDED from src\main\AndroidManifest.xml:6:5-67
MERGED from [com.google.android.gms:play-services-measurement:8.4.0] AndroidManifest.xml:21:5-67
MERGED from [com.google.android.gms:play-services-measurement:8.4.0] AndroidManifest.xml:21:5-67
MERGED from [com.google.android.gms:play-services-analytics:8.4.0] AndroidManifest.xml:21:5-67
MERGED from [com.google.android.gms:play-services-analytics:8.4.0] AndroidManifest.xml:21:5-67
MERGED from [com.parse:parse-android:1.16.3] AndroidManifest.xml:19:5-67
MERGED from [com.parse:parse-android:1.16.3] AndroidManifest.xml:19:5-67
	android:name
		ADDED from src\main\AndroidManifest.xml:6:22-64
uses-permission#android.permission.WRITE_EXTERNAL_STORAGE
ADDED from src\main\AndroidManifest.xml:7:5-81
	android:name
		ADDED from src\main\AndroidManifest.xml:7:22-78
uses-permission#android.permission.ACCESS_NETWORK_STATE
ADDED from src\main\AndroidManifest.xml:8:5-79
MERGED from [com.google.android.gms:play-services-measurement:8.4.0] AndroidManifest.xml:22:5-79
MERGED from [com.google.android.gms:play-services-measurement:8.4.0] AndroidManifest.xml:22:5-79
MERGED from [com.google.android.gms:play-services-analytics:8.4.0] AndroidManifest.xml:22:5-79
MERGED from [com.google.android.gms:play-services-analytics:8.4.0] AndroidManifest.xml:22:5-79
MERGED from [com.parse:parse-android:1.16.3] AndroidManifest.xml:20:5-79
MERGED from [com.parse:parse-android:1.16.3] AndroidManifest.xml:20:5-79
	android:name
		ADDED from src\main\AndroidManifest.xml:8:22-76
uses-permission#android.permission.WAKE_LOCK
ADDED from src\main\AndroidManifest.xml:9:5-68
MERGED from [com.google.android.gms:play-services-measurement:8.4.0] AndroidManifest.xml:24:5-67
MERGED from [com.google.android.gms:play-services-measurement:8.4.0] AndroidManifest.xml:24:5-67
	android:name
		ADDED from src\main\AndroidManifest.xml:9:22-65
application
ADDED from src\main\AndroidManifest.xml:11:5-164:19
MERGED from [com.google.android.gms:play-services-measurement:8.4.0] AndroidManifest.xml:26:5-46:19
MERGED from [com.google.android.gms:play-services-measurement:8.4.0] AndroidManifest.xml:26:5-46:19
MERGED from [com.android.support:appcompat-v7:23.4.0] AndroidManifest.xml:25:5-20
MERGED from [com.android.support:appcompat-v7:23.4.0] AndroidManifest.xml:25:5-20
MERGED from [com.google.android.gms:play-services-analytics:8.4.0] AndroidManifest.xml:24:5-20
MERGED from [com.google.android.gms:play-services-analytics:8.4.0] AndroidManifest.xml:24:5-20
MERGED from [com.facebook.android:facebook-android-sdk:4.10.0] AndroidManifest.xml:28:5-20
MERGED from [com.facebook.android:facebook-android-sdk:4.10.0] AndroidManifest.xml:28:5-20
MERGED from [com.parse:parse-android:1.16.3] AndroidManifest.xml:22:5-27:19
MERGED from [com.parse:parse-android:1.16.3] AndroidManifest.xml:22:5-27:19
MERGED from [com.google.android.gms:play-services-basement:8.4.0] AndroidManifest.xml:20:5-24:19
MERGED from [com.google.android.gms:play-services-basement:8.4.0] AndroidManifest.xml:20:5-24:19
MERGED from [com.android.support:animated-vector-drawable:23.4.0] AndroidManifest.xml:7:5-20
MERGED from [com.android.support:animated-vector-drawable:23.4.0] AndroidManifest.xml:7:5-20
MERGED from [com.android.support:support-vector-drawable:23.4.0] AndroidManifest.xml:7:5-20
MERGED from [com.android.support:support-vector-drawable:23.4.0] AndroidManifest.xml:7:5-20
MERGED from [com.android.support:support-v4:23.4.0] AndroidManifest.xml:22:5-20
MERGED from [com.android.support:support-v4:23.4.0] AndroidManifest.xml:22:5-20
MERGED from [com.android.support:cardview-v7:23.4.0] AndroidManifest.xml:22:5-20
MERGED from [com.android.support:cardview-v7:23.4.0] AndroidManifest.xml:22:5-20
	android:supportsRtl
		ADDED from src\main\AndroidManifest.xml:17:9-35
	android:label
		ADDED from src\main\AndroidManifest.xml:16:9-41
	android:fullBackupContent
		ADDED from src\main\AndroidManifest.xml:14:9-41
	android:icon
		ADDED from src\main\AndroidManifest.xml:15:9-43
	android:allowBackup
		ADDED from src\main\AndroidManifest.xml:13:9-35
	android:theme
		ADDED from src\main\AndroidManifest.xml:18:9-40
	android:name
		ADDED from src\main\AndroidManifest.xml:12:9-38
meta-data#com.facebook.sdk.ApplicationId
ADDED from src\main\AndroidManifest.xml:20:9-22:55
	android:value
		ADDED from src\main\AndroidManifest.xml:22:13-52
	android:name
		ADDED from src\main\AndroidManifest.xml:21:13-58
meta-data#com.parse.SERVER_URL
ADDED from src\main\AndroidManifest.xml:24:9-26:59
	android:value
		ADDED from src\main\AndroidManifest.xml:26:13-56
	android:name
		ADDED from src\main\AndroidManifest.xml:25:13-48
meta-data#com.parse.APPLICATION_ID
ADDED from src\main\AndroidManifest.xml:27:9-29:55
	android:value
		ADDED from src\main\AndroidManifest.xml:29:13-52
	android:name
		ADDED from src\main\AndroidManifest.xml:28:13-52
meta-data#com.parse.CLIENT_KEY
ADDED from src\main\AndroidManifest.xml:30:9-32:59
	android:value
		ADDED from src\main\AndroidManifest.xml:32:13-56
	android:name
		ADDED from src\main\AndroidManifest.xml:31:13-48
activity#nl.kimplusdelta.vca.activities.MainActivity
ADDED from src\main\AndroidManifest.xml:34:9-56:20
	android:screenOrientation
		ADDED from src\main\AndroidManifest.xml:38:13-49
	android:label
		ADDED from src\main\AndroidManifest.xml:37:13-45
	android:configChanges
		ADDED from src\main\AndroidManifest.xml:36:13-63
	android:name
		ADDED from src\main\AndroidManifest.xml:35:13-52
intent-filter#action:name:android.intent.action.VIEW+category:name:android.intent.category.BROWSABLE+category:name:android.intent.category.DEFAULT+data:host:vca-examen-app.nl+data:host:vca-examen-app.nl+data:host:www.vca-examen-app.nl+data:pathPrefix:/+data:scheme:http+data:scheme:http+data:scheme:http
ADDED from src\main\AndroidManifest.xml:39:13-55:29
action#android.intent.action.VIEW
ADDED from src\main\AndroidManifest.xml:40:17-69
	android:name
		ADDED from src\main\AndroidManifest.xml:40:25-66
category#android.intent.category.DEFAULT
ADDED from src\main\AndroidManifest.xml:42:17-76
	android:name
		ADDED from src\main\AndroidManifest.xml:42:27-73
category#android.intent.category.BROWSABLE
ADDED from src\main\AndroidManifest.xml:43:17-78
	android:name
		ADDED from src\main\AndroidManifest.xml:43:27-75
data
ADDED from src\main\AndroidManifest.xml:45:17-47:45
	android:host
		ADDED from src\main\AndroidManifest.xml:46:21-57
	android:scheme
		ADDED from src\main\AndroidManifest.xml:47:21-42
	android:pathPrefix
		ADDED from src\main\AndroidManifest.xml:53:21-43
activity#nl.kimplusdelta.vca.activities.ExamActivity
ADDED from src\main\AndroidManifest.xml:57:9-61:52
	android:screenOrientation
		ADDED from src\main\AndroidManifest.xml:61:13-49
	android:label
		ADDED from src\main\AndroidManifest.xml:60:13-56
	android:configChanges
		ADDED from src\main\AndroidManifest.xml:59:13-63
	android:name
		ADDED from src\main\AndroidManifest.xml:58:13-52
activity#nl.kimplusdelta.vca.activities.ResultsActivity
ADDED from src\main\AndroidManifest.xml:62:9-66:52
	android:screenOrientation
		ADDED from src\main\AndroidManifest.xml:66:13-49
	android:label
		ADDED from src\main\AndroidManifest.xml:65:13-64
	android:configChanges
		ADDED from src\main\AndroidManifest.xml:64:13-63
	android:name
		ADDED from src\main\AndroidManifest.xml:63:13-55
activity#nl.kimplusdelta.vca.activities.SettingsActivity
ADDED from src\main\AndroidManifest.xml:67:9-71:52
	android:screenOrientation
		ADDED from src\main\AndroidManifest.xml:71:13-49
	android:label
		ADDED from src\main\AndroidManifest.xml:70:13-60
	android:configChanges
		ADDED from src\main\AndroidManifest.xml:69:13-63
	android:name
		ADDED from src\main\AndroidManifest.xml:68:13-56
activity#nl.kimplusdelta.vca.activities.HistoryActivity
ADDED from src\main\AndroidManifest.xml:72:9-76:52
	android:screenOrientation
		ADDED from src\main\AndroidManifest.xml:76:13-49
	android:label
		ADDED from src\main\AndroidManifest.xml:75:13-59
	android:configChanges
		ADDED from src\main\AndroidManifest.xml:74:13-63
	android:name
		ADDED from src\main\AndroidManifest.xml:73:13-55
activity#nl.kimplusdelta.vca.activities.QuestionListActivity
ADDED from src\main\AndroidManifest.xml:77:9-81:52
	android:screenOrientation
		ADDED from src\main\AndroidManifest.xml:81:13-49
	android:label
		ADDED from src\main\AndroidManifest.xml:80:13-65
	android:configChanges
		ADDED from src\main\AndroidManifest.xml:79:13-63
	android:name
		ADDED from src\main\AndroidManifest.xml:78:13-60
activity#nl.kimplusdelta.vca.activities.ExamReviewActivity
ADDED from src\main\AndroidManifest.xml:82:9-86:52
	android:screenOrientation
		ADDED from src\main\AndroidManifest.xml:86:13-49
	android:label
		ADDED from src\main\AndroidManifest.xml:85:13-67
	android:configChanges
		ADDED from src\main\AndroidManifest.xml:84:13-63
	android:name
		ADDED from src\main\AndroidManifest.xml:83:13-58
activity#nl.kimplusdelta.vca.activities.LaunchActivity
ADDED from src\main\AndroidManifest.xml:88:9-93:49
	android:screenOrientation
		ADDED from src\main\AndroidManifest.xml:92:13-49
	android:label
		ADDED from src\main\AndroidManifest.xml:91:13-60
	android:configChanges
		ADDED from src\main\AndroidManifest.xml:90:13-63
	android:theme
		ADDED from src\main\AndroidManifest.xml:93:13-46
	android:name
		ADDED from src\main\AndroidManifest.xml:89:13-54
activity#nl.kimplusdelta.vca.activities.FAQActivity
ADDED from src\main\AndroidManifest.xml:95:9-99:52
	android:screenOrientation
		ADDED from src\main\AndroidManifest.xml:99:13-49
	android:label
		ADDED from src\main\AndroidManifest.xml:98:13-55
	android:configChanges
		ADDED from src\main\AndroidManifest.xml:97:13-63
	android:name
		ADDED from src\main\AndroidManifest.xml:96:13-51
activity#nl.kimplusdelta.vca.activities.SplashActivity
ADDED from src\main\AndroidManifest.xml:100:9-112:20
	android:screenOrientation
		ADDED from src\main\AndroidManifest.xml:104:13-49
	android:label
		ADDED from src\main\AndroidManifest.xml:103:13-45
	android:configChanges
		ADDED from src\main\AndroidManifest.xml:102:13-63
	android:theme
		ADDED from src\main\AndroidManifest.xml:105:13-46
	android:name
		ADDED from src\main\AndroidManifest.xml:101:13-54
intent-filter#action:name:android.intent.action.MAIN+category:name:android.intent.category.LAUNCHER
ADDED from src\main\AndroidManifest.xml:107:13-110:29
action#android.intent.action.MAIN
ADDED from src\main\AndroidManifest.xml:108:17-69
	android:name
		ADDED from src\main\AndroidManifest.xml:108:25-66
category#android.intent.category.LAUNCHER
ADDED from src\main\AndroidManifest.xml:109:17-77
	android:name
		ADDED from src\main\AndroidManifest.xml:109:27-74
activity#nl.kimplusdelta.vca.activities.LoginActivity
ADDED from src\main\AndroidManifest.xml:114:9-118:20
	android:windowSoftInputMode
		ADDED from src\main\AndroidManifest.xml:116:13-54
	android:name
		ADDED from src\main\AndroidManifest.xml:115:13-53
activity#com.facebook.FacebookActivity
ADDED from src\main\AndroidManifest.xml:121:9-125:75
	android:label
		ADDED from src\main\AndroidManifest.xml:124:13-45
	android:configChanges
		ADDED from src\main\AndroidManifest.xml:123:13-96
	android:theme
		ADDED from src\main\AndroidManifest.xml:125:13-72
	android:name
		ADDED from src\main\AndroidManifest.xml:122:13-57
receiver#nl.kimplusdelta.vca.receivers.NotificationPublisher
ADDED from src\main\AndroidManifest.xml:128:9-69
	android:name
		ADDED from src\main\AndroidManifest.xml:128:19-66
receiver#com.google.ads.conversiontracking.InstallReceiver
ADDED from src\main\AndroidManifest.xml:131:9-137:20
	android:exported
		ADDED from src\main\AndroidManifest.xml:133:13-36
	android:name
		ADDED from src\main\AndroidManifest.xml:132:13-77
intent-filter#action:name:com.android.vending.INSTALL_REFERRER
ADDED from src\main\AndroidManifest.xml:134:13-136:29
action#com.android.vending.INSTALL_REFERRER
ADDED from src\main\AndroidManifest.xml:135:17-79
	android:name
		ADDED from src\main\AndroidManifest.xml:135:25-76
service#com.google.android.gms.analytics.CampaignTrackingService
ADDED from src\main\AndroidManifest.xml:140:9-92
	android:name
		ADDED from src\main\AndroidManifest.xml:140:18-89
receiver#com.google.android.gms.analytics.CampaignTrackingReceiver
ADDED from src\main\AndroidManifest.xml:141:9-148:20
	android:exported
		ADDED from src\main\AndroidManifest.xml:143:13-36
	android:permission
		ADDED from src\main\AndroidManifest.xml:144:13-69
	android:name
		ADDED from src\main\AndroidManifest.xml:142:13-85
receiver#com.google.android.gms.analytics.AnalyticsReceiver
ADDED from src\main\AndroidManifest.xml:152:9-158:20
	android:enabled
		ADDED from src\main\AndroidManifest.xml:154:13-35
	android:name
		ADDED from src\main\AndroidManifest.xml:153:13-78
intent-filter#action:name:com.google.android.gms.analytics.ANALYTICS_DISPATCH
ADDED from src\main\AndroidManifest.xml:155:13-157:29
action#com.google.android.gms.analytics.ANALYTICS_DISPATCH
ADDED from src\main\AndroidManifest.xml:156:17-94
	android:name
		ADDED from src\main\AndroidManifest.xml:156:25-91
service#com.google.android.gms.analytics.AnalyticsService
ADDED from src\main\AndroidManifest.xml:159:9-162:40
	android:enabled
		ADDED from src\main\AndroidManifest.xml:161:13-35
	android:exported
		ADDED from src\main\AndroidManifest.xml:162:13-37
	android:name
		ADDED from src\main\AndroidManifest.xml:160:13-77
uses-sdk
INJECTED from src\main\AndroidManifest.xml reason: use-sdk injection requested
INJECTED from src\main\AndroidManifest.xml
INJECTED from src\main\AndroidManifest.xml
MERGED from [com.google.android.gms:play-services-measurement:8.4.0] AndroidManifest.xml:18:5-42
MERGED from [com.google.android.gms:play-services-measurement:8.4.0] AndroidManifest.xml:18:5-42
MERGED from [com.android.support:appcompat-v7:23.4.0] AndroidManifest.xml:21:5-23:78
MERGED from [com.android.support:appcompat-v7:23.4.0] AndroidManifest.xml:21:5-23:78
MERGED from [com.google.android.gms:play-services-analytics:8.4.0] AndroidManifest.xml:18:5-42
MERGED from [com.google.android.gms:play-services-analytics:8.4.0] AndroidManifest.xml:18:5-42
MERGED from [com.facebook.android:facebook-android-sdk:4.10.0] AndroidManifest.xml:24:5-26:41
MERGED from [com.facebook.android:facebook-android-sdk:4.10.0] AndroidManifest.xml:24:5-26:41
MERGED from [com.parse:parse-android:1.16.3] AndroidManifest.xml:15:5-17:41
MERGED from [com.parse:parse-android:1.16.3] AndroidManifest.xml:15:5-17:41
MERGED from [com.intuit.sdp:sdp-android:1.0.5] AndroidManifest.xml:7:5-9:41
MERGED from [com.intuit.sdp:sdp-android:1.0.5] AndroidManifest.xml:7:5-9:41
MERGED from [com.intuit.ssp:ssp-android:1.0.5] AndroidManifest.xml:7:5-9:41
MERGED from [com.intuit.ssp:ssp-android:1.0.5] AndroidManifest.xml:7:5-9:41
MERGED from [com.google.android.gms:play-services-basement:8.4.0] AndroidManifest.xml:18:5-42
MERGED from [com.google.android.gms:play-services-basement:8.4.0] AndroidManifest.xml:18:5-42
MERGED from [com.android.support:animated-vector-drawable:23.4.0] AndroidManifest.xml:5:5-44
MERGED from [com.android.support:animated-vector-drawable:23.4.0] AndroidManifest.xml:5:5-44
MERGED from [com.android.support:support-vector-drawable:23.4.0] AndroidManifest.xml:5:5-43
MERGED from [com.android.support:support-vector-drawable:23.4.0] AndroidManifest.xml:5:5-43
MERGED from [com.android.support:support-v4:23.4.0] AndroidManifest.xml:20:5-43
MERGED from [com.android.support:support-v4:23.4.0] AndroidManifest.xml:20:5-43
MERGED from [com.android.support:cardview-v7:23.4.0] AndroidManifest.xml:20:5-43
MERGED from [com.android.support:cardview-v7:23.4.0] AndroidManifest.xml:20:5-43
INJECTED from src\main\AndroidManifest.xml
INJECTED from src\main\AndroidManifest.xml
	tools:overrideLibrary
		ADDED from [com.android.support:appcompat-v7:23.4.0] AndroidManifest.xml:23:9-75
	android:targetSdkVersion
		INJECTED from src\main\AndroidManifest.xml
		ADDED from src\main\AndroidManifest.xml
		INJECTED from src\main\AndroidManifest.xml
	android:minSdkVersion
		INJECTED from src\main\AndroidManifest.xml
		ADDED from src\main\AndroidManifest.xml
		INJECTED from src\main\AndroidManifest.xml
provider#com.google.android.gms.measurement.AppMeasurementContentProvider
ADDED from [com.google.android.gms:play-services-measurement:8.4.0] AndroidManifest.xml:28:7-31:37
	android:authorities
		ADDED from [com.google.android.gms:play-services-measurement:8.4.0] AndroidManifest.xml:29:11-76
	android:exported
		ADDED from [com.google.android.gms:play-services-measurement:8.4.0] AndroidManifest.xml:31:11-35
	android:name
		ADDED from [com.google.android.gms:play-services-measurement:8.4.0] AndroidManifest.xml:30:11-90
receiver#com.google.android.gms.measurement.AppMeasurementReceiver
ADDED from [com.google.android.gms:play-services-measurement:8.4.0] AndroidManifest.xml:33:7-39:18
	android:enabled
		ADDED from [com.google.android.gms:play-services-measurement:8.4.0] AndroidManifest.xml:35:11-33
	android:name
		ADDED from [com.google.android.gms:play-services-measurement:8.4.0] AndroidManifest.xml:34:11-83
intent-filter#action:name:com.google.android.gms.measurement.UPLOAD
ADDED from [com.google.android.gms:play-services-measurement:8.4.0] AndroidManifest.xml:36:9-38:25
action#com.google.android.gms.measurement.UPLOAD
ADDED from [com.google.android.gms:play-services-measurement:8.4.0] AndroidManifest.xml:37:11-77
	android:name
		ADDED from [com.google.android.gms:play-services-measurement:8.4.0] AndroidManifest.xml:37:19-75
service#com.google.android.gms.measurement.AppMeasurementService
ADDED from [com.google.android.gms:play-services-measurement:8.4.0] AndroidManifest.xml:41:7-44:37
	android:enabled
		ADDED from [com.google.android.gms:play-services-measurement:8.4.0] AndroidManifest.xml:43:11-33
	android:exported
		ADDED from [com.google.android.gms:play-services-measurement:8.4.0] AndroidManifest.xml:44:11-35
	android:name
		ADDED from [com.google.android.gms:play-services-measurement:8.4.0] AndroidManifest.xml:42:11-82
service#com.parse.PushServiceApi26
ADDED from [com.parse:parse-android:1.16.3] AndroidManifest.xml:23:9-26:72
	android:exported
		ADDED from [com.parse:parse-android:1.16.3] AndroidManifest.xml:25:13-36
	android:permission
		ADDED from [com.parse:parse-android:1.16.3] AndroidManifest.xml:26:13-69
	android:name
		ADDED from [com.parse:parse-android:1.16.3] AndroidManifest.xml:24:13-54
meta-data#com.google.android.gms.version
ADDED from [com.google.android.gms:play-services-basement:8.4.0] AndroidManifest.xml:21:9-23:69
	android:value
		ADDED from [com.google.android.gms:play-services-basement:8.4.0] AndroidManifest.xml:23:13-66
	android:name
		ADDED from [com.google.android.gms:play-services-basement:8.4.0] AndroidManifest.xml:22:13-58